project/RPSX/resultScreenFinal/build/outputs/logs/manifest-merger-debug-report.txt
-- Merging decision tree log ---
manifest
ADDED from AndroidManifest.xml:1:1
	xmlns:android
		ADDED from AndroidManifest.xml:1:11
	package
		ADDED from AndroidManifest.xml:1:120
		INJECTED from AndroidManifest.xml:0:0
		INJECTED from AndroidManifest.xml:0:0
	android:versionName
		ADDED from AndroidManifest.xml:1:94
	android:versionCode
		ADDED from AndroidManifest.xml:1:70
		INJECTED from AndroidManifest.xml:0:0
		INJECTED from AndroidManifest.xml:0:0
uses-sdk
ADDED from AndroidManifest.xml:2:5
	android:targetSdkVersion
		INJECTED from AndroidManifest.xml:0:0
		INJECTED from AndroidManifest.xml:0:0
	android:minSdkVersion
		ADDED from AndroidManifest.xml:2:15
		INJECTED from AndroidManifest.xml:0:0
		INJECTED from AndroidManifest.xml:0:0
application
ADDED from AndroidManifest.xml:2:42
	android:label
		ADDED from AndroidManifest.xml:2:111
	android:debuggable
		ADDED from AndroidManifest.xml:2:55
	android:icon
		ADDED from AndroidManifest.xml:2:81
activity#processing.test.resultscreen.resultScreen
ADDED from AndroidManifest.xml:3:5
	android:name
		ADDED from AndroidManifest.xml:3:15
intent-filter#android.intent.action.MAIN+android.intent.category.LAUNCHER
ADDED from AndroidManifest.xml:3:44
action#android.intent.action.MAIN
ADDED from AndroidManifest.xml:4:9
	android:name
		ADDED from AndroidManifest.xml:4:17
category#android.intent.category.LAUNCHER
ADDED from AndroidManifest.xml:5:9
	android:name
		ADDED from AndroidManifest.xml:5:19